2025-07-19 19:38:34,439 INFO Starting ETL job...
2025-07-19 19:38:34,440 INFO Reading CSV files...
2025-07-19 19:39:22,770 INFO Starting ETL job...
2025-07-19 19:39:22,770 INFO Reading CSV files...
2025-07-19 19:39:22,777 INFO Validating parking_events data...
2025-07-19 19:39:22,780 INFO 10 valid records out of 12
2025-07-19 19:40:53,875 INFO Starting ETL job...
2025-07-19 19:40:53,876 INFO Reading CSV files...
2025-07-19 19:40:53,882 INFO Validating parking_events data...
2025-07-19 19:40:53,885 INFO 10 valid records out of 12
2025-07-19 19:41:18,777 INFO Starting ETL job...
2025-07-19 19:41:18,777 INFO Reading CSV files...
2025-07-19 19:41:18,796 INFO Validating parking_events data...
2025-07-19 19:41:18,801 INFO 10 valid records out of 12
2025-07-19 19:42:06,060 INFO Starting ETL job...
2025-07-19 19:42:06,060 INFO Reading CSV files...
2025-07-19 19:42:06,079 INFO Validating parking_events data...
2025-07-19 19:42:06,092 INFO 10 valid records out of 12
2025-07-19 19:42:10,691 INFO Written output to .\cleaned_parking_events.parquet
2025-07-19 19:42:10,691 INFO ETL job completed.
2025-07-20 22:06:32,999 INFO Starting ETL job...
2025-07-20 22:06:33,000 INFO Reading CSV files...
2025-07-20 22:06:33,016 INFO Validating parking_events data...
2025-07-20 22:06:33,028 INFO 10 valid parking_events records out of 12
2025-07-20 22:06:33,104 INFO Wrote vehicles.parquet to datasets\vehicles.parquet
2025-07-20 22:06:33,109 INFO Wrote parking_zones.parquet to datasets\parking_zones.parquet
2025-07-20 22:06:33,114 INFO Wrote cleaned parking_events.parquet to datasets\parking_events.parquet
2025-07-20 22:06:33,114 INFO ETL job completed.
